<?xml version="1.0" encoding="UTF-8"?>
<!-- Generated by org.testng.reporters.JUnitReportReporter -->
<testsuite hostname="DESKTOP-RTOOT5Q" failures="0" tests="2" name="testcases.rediff.PortfolioManagement" time="0.002" errors="0" timestamp="2021-02-28T13:56:46 IST" skipped="2">
  <testcase classname="testcases.rediff.PortfolioManagement" name="selectPortFolio" time="0.001">
    <skipped/>
  </testcase> <!-- selectPortFolio -->
  <testcase classname="testcases.rediff.PortfolioManagement" name="selectPortFolio" time="0.001">
    <skipped/>
  </testcase> <!-- selectPortFolio -->
</testsuite> <!-- testcases.rediff.PortfolioManagement -->
