<?xml version="1.0" encoding="UTF-8"?>
<!-- Generated by org.testng.reporters.JUnitReportReporter -->
<testsuite skipped="0" hostname="DESKTOP-RTOOT5Q" name="testcases.CreatePortfolioTest" tests="2" failures="0" timestamp="2021-02-01T07:12:47 IST" time="11.636" errors="0">
  <testcase name="createPortFolioTest" time="11.634" classname="testcases.CreatePortfolioTest"/>
  <testcase name="createReservation" time="0.002" classname="testcases.CreatePortfolioTest"/>
</testsuite> <!-- testcases.CreatePortfolioTest -->
