<?xml version="1.0" encoding="UTF-8"?>
<!-- Generated by org.testng.reporters.JUnitReportReporter -->
<testsuite hostname="DESKTOP-RTOOT5Q" failures="0" tests="8" name="testcases.rediff.StockManagement" time="0.022" errors="0" timestamp="2021-02-28T13:56:46 IST" skipped="8">
  <testcase classname="testcases.rediff.StockManagement" name="verifyStockQuantity" time="0.002">
    <skipped/>
  </testcase> <!-- verifyStockQuantity -->
  <testcase classname="testcases.rediff.StockManagement" name="verifyStockPresent" time="0.003">
    <skipped/>
  </testcase> <!-- verifyStockPresent -->
  <testcase classname="testcases.rediff.StockManagement" name="addNewStock" time="0.003">
    <skipped/>
  </testcase> <!-- addNewStock -->
  <testcase classname="testcases.rediff.StockManagement" name="addNewStock" time="0.004">
    <skipped/>
  </testcase> <!-- addNewStock -->
  <testcase classname="testcases.rediff.StockManagement" name="verifyStockQuantity" time="0.003">
    <skipped/>
  </testcase> <!-- verifyStockQuantity -->
  <testcase classname="testcases.rediff.StockManagement" name="verifyTransactionHistory" time="0.002">
    <skipped/>
  </testcase> <!-- verifyTransactionHistory -->
  <testcase classname="testcases.rediff.StockManagement" name="verifyStockPresent" time="0.003">
    <skipped/>
  </testcase> <!-- verifyStockPresent -->
  <testcase classname="testcases.rediff.StockManagement" name="verifyTransactionHistory" time="0.002">
    <skipped/>
  </testcase> <!-- verifyTransactionHistory -->
</testsuite> <!-- testcases.rediff.StockManagement -->
