<?xml version="1.0" encoding="UTF-8"?>
<!-- Generated by org.testng.reporters.JUnitReportReporter -->
<testsuite skipped="0" hostname="DESKTOP-RTOOT5Q" name="testcases.rediff.StockManagement" tests="4" failures="0" timestamp="2021-02-16T07:37:00 IST" time="14.276" errors="0">
  <testcase name="verifyTransactionHistory" time="0.887" classname="testcases.rediff.StockManagement"/>
  <testcase name="addNewStock" time="12.691" classname="testcases.rediff.StockManagement"/>
  <testcase name="verifyStockPresent" time="0.306" classname="testcases.rediff.StockManagement"/>
  <testcase name="verifyStockQuantity" time="0.392" classname="testcases.rediff.StockManagement"/>
</testsuite> <!-- testcases.rediff.StockManagement -->
